<?xml version="1.0" encoding="UTF-8"?>
<TestRun id="6c8826b6-399d-4a13-bc04-22a090b15e67" name="Leezhm@LIZHM 2012-03-05 00:53:50" runUser="LIZHM\Leezhm" xmlns="http://microsoft.com/schemas/VisualStudio/TeamTest/2010">
  <TestSettings name="Local" id="8a3dc7a8-d390-48f2-a266-a1ccc21c06f3">
    <Description>These are default test settings for a local test run.</Description>
    <Deployment enabled="false" runDeploymentRoot="Leezhm_LIZHM 2012-03-05 00_53_50">
      <DeploymentItem filename="C:\Home\Developments\LeeProjects\UtSerials\Bank\Bank\bin\Debug\Bank.dll" />
    </Deployment>
    <Execution>
      <TestTypeSpecific />
      <AgentRule name="Execution Agents">
      </AgentRule>
    </Execution>
  </TestSettings>
  <Times creation="2012-03-05T00:53:50.4316406+08:00" queuing="2012-03-05T00:53:50.4677734+08:00" start="2012-03-05T00:53:50.4794922+08:00" finish="2012-03-05T00:53:50.9052734+08:00" />
  <ResultSummary outcome="Failed">
    <Counters total="1" executed="1" error="0" failed="1" timeout="0" aborted="0" inconclusive="0" passedButRunAborted="0" notRunnable="0" notExecuted="0" disconnected="0" warning="0" passed="0" completed="0" inProgress="0" pending="0" />
  </ResultSummary>
  <TestDefinitions>
    <UnitTest name="DebetTest" storage="c:\home\developments\leeprojects\utserials\bank\banktest\bin\debug\banktest.dll" id="3c790b13-858f-d582-76f8-c7363a7ab695">
      <Execution id="bebe07dc-abfb-45c3-8b84-07846b591c5f" />
      <TestMethod codeBase="C:/Home/Developments/LeeProjects/UtSerials/Bank/BankTest/bin/Debug/BankTest.DLL" adapterTypeName="Microsoft.VisualStudio.TestTools.TestTypes.Unit.UnitTestAdapter, Microsoft.VisualStudio.QualityTools.Tips.UnitTest.Adapter, Version=10.0.0.0, Culture=neutral, PublicKeyToken=b03f5f7f11d50a3a" className="BankTest.BankAccountTest, BankTest, Version=1.0.0.0, Culture=neutral, PublicKeyToken=null" name="DebetTest" />
    </UnitTest>
  </TestDefinitions>
  <TestLists>
    <TestList name="Results Not in a List" id="8c84fa94-04c1-424b-9868-57a2d4851a1d" />
    <TestList name="All Loaded Results" id="19431567-8539-422a-85d7-44ee4e166bda" />
  </TestLists>
  <TestEntries>
    <TestEntry testId="3c790b13-858f-d582-76f8-c7363a7ab695" executionId="bebe07dc-abfb-45c3-8b84-07846b591c5f" testListId="8c84fa94-04c1-424b-9868-57a2d4851a1d" />
  </TestEntries>
  <Results>
    <UnitTestResult executionId="bebe07dc-abfb-45c3-8b84-07846b591c5f" testId="3c790b13-858f-d582-76f8-c7363a7ab695" testName="DebetTest" computerName="LIZHM" duration="00:00:00.1677495" startTime="2012-03-05T00:53:50.4843750+08:00" endTime="2012-03-05T00:53:50.8623047+08:00" testType="13cdc9d9-ddb5-4fa4-a97d-d965ccfc6d4b" outcome="Failed" testListId="8c84fa94-04c1-424b-9868-57a2d4851a1d" relativeResultsDirectory="bebe07dc-abfb-45c3-8b84-07846b591c5f">
      <Output>
        <ErrorInfo>
          <Message>Assert.AreEqual failed. Expected a difference no greater than &lt;0.05&gt; between expected value &lt;10500&gt; and actual value &lt;19500&gt;. </Message>
          <StackTrace>   at BankTest.BankAccountTest.DebetTest() in C:\Home\Developments\LeeProjects\UtSerials\Bank\BankTest\BankAccountTest.cs:line 77
</StackTrace>
        </ErrorInfo>
      </Output>
    </UnitTestResult>
  </Results>
</TestRun>