<?xml version="1.0" encoding="UTF-8"?>
<TestRun id="40adc942-d5bc-468f-af5f-23a2f5d0c7b0" name="Leezhm@LIZHM 2012-03-05 01:41:19" runUser="LIZHM\Leezhm" xmlns="http://microsoft.com/schemas/VisualStudio/TeamTest/2010">
  <TestSettings name="Local" id="8a3dc7a8-d390-48f2-a266-a1ccc21c06f3">
    <Description>These are default test settings for a local test run.</Description>
    <Deployment runDeploymentRoot="Leezhm_LIZHM 2012-03-05 01_41_19">
      <DeploymentItem filename="C:\Home\Developments\LeeProjects\UtSerials\Bank\Bank\bin\Debug\Bank.dll" />
    </Deployment>
    <Execution hostProcessPlatform="MSIL">
      <TestTypeSpecific>
        <UnitTestRunConfig testTypeId="13cdc9d9-ddb5-4fa4-a97d-d965ccfc6d4b">
          <AssemblyResolution>
            <TestDirectory useLoadContext="true" />
          </AssemblyResolution>
        </UnitTestRunConfig>
        <WebTestRunConfiguration testTypeId="4e7599fa-5ecb-43e9-a887-cd63cf72d207">
          <Browser name="Internet Explorer 7.0">
            <Headers>
              <Header name="User-Agent" value="Mozilla/4.0 (compatible; MSIE 7.0; Windows NT 5.1)" />
              <Header name="Accept" value="*/*" />
              <Header name="Accept-Language" value="{{$IEAcceptLanguage}}" />
              <Header name="Accept-Encoding" value="GZIP" />
            </Headers>
          </Browser>
        </WebTestRunConfiguration>
      </TestTypeSpecific>
      <AgentRule name="LocalMachineDefaultRole">
        <DataCollectors>
          <DataCollector uri="datacollector://Microsoft/TestImpact/1.0" assemblyQualifiedName="Microsoft.VisualStudio.TraceCollector.TestImpactDataCollector, Microsoft.VisualStudio.TraceCollector, Version=10.0.0.0, Culture=neutral, PublicKeyToken=b03f5f7f11d50a3a">
          </DataCollector>
          <DataCollector uri="datacollector://microsoft/CodeCoverage/1.0" assemblyQualifiedName="Microsoft.VisualStudio.TestTools.CodeCoverage.CoveragePlugIn, Microsoft.VisualStudio.QualityTools.Plugins.CodeCoverage, Version=10.0.0.0, Culture=neutral, PublicKeyToken=b03f5f7f11d50a3a" friendlyName="Code Coverage">
            <Configuration>
              <CodeCoverage xmlns="">
                <Regular>
                  <CodeCoverageItem binaryFile="C:\Home\Developments\LeeProjects\UtSerials\Bank\Bank\bin\Debug\Bank.dll" pdbFile="C:\Home\Developments\LeeProjects\UtSerials\Bank\Bank\bin\Debug\Bank.instr.pdb" instrumentInPlace="true" />
                </Regular>
              </CodeCoverage>
            </Configuration>
          </DataCollector>
        </DataCollectors>
      </AgentRule>
    </Execution>
  </TestSettings>
  <Times creation="2012-03-05T01:41:19.6943359+08:00" queuing="2012-03-05T01:41:20.2285156+08:00" start="2012-03-05T01:41:30.1513672+08:00" finish="2012-03-05T01:41:39.3300781+08:00" />
  <ResultSummary outcome="Completed">
    <Counters total="1" executed="1" passed="1" error="0" failed="0" timeout="0" aborted="0" inconclusive="0" passedButRunAborted="0" notRunnable="0" notExecuted="0" disconnected="0" warning="0" completed="0" inProgress="0" pending="0" />
    <ResultFiles>
      <ResultFile path="LIZHM\data.coverage" />
    </ResultFiles>
  </ResultSummary>
  <TestDefinitions>
    <UnitTest name="UnfreezeAccountTest" storage="c:\home\developments\leeprojects\utserials\bank\banktest\bin\debug\banktest.dll" id="df63e811-bc27-1ff3-2349-b2e1524b5e37">
      <DeploymentItems>
        <DeploymentItem filename="Bank.dll" />
      </DeploymentItems>
      <Execution id="694300fa-3772-4709-a510-27c8fc65d4ff" />
      <TestMethod codeBase="C:/Home/Developments/LeeProjects/UtSerials/Bank/BankTest/bin/Debug/BankTest.DLL" adapterTypeName="Microsoft.VisualStudio.TestTools.TestTypes.Unit.UnitTestAdapter, Microsoft.VisualStudio.QualityTools.Tips.UnitTest.Adapter, Version=10.0.0.0, Culture=neutral, PublicKeyToken=b03f5f7f11d50a3a" className="BankTest.BankAccountTest, BankTest, Version=1.0.0.0, Culture=neutral, PublicKeyToken=null" name="UnfreezeAccountTest" />
    </UnitTest>
  </TestDefinitions>
  <TestLists>
    <TestList name="Results Not in a List" id="8c84fa94-04c1-424b-9868-57a2d4851a1d" />
    <TestList name="All Loaded Results" id="19431567-8539-422a-85d7-44ee4e166bda" />
  </TestLists>
  <TestEntries>
    <TestEntry testId="df63e811-bc27-1ff3-2349-b2e1524b5e37" executionId="694300fa-3772-4709-a510-27c8fc65d4ff" testListId="8c84fa94-04c1-424b-9868-57a2d4851a1d" />
  </TestEntries>
  <Results>
    <UnitTestResult executionId="694300fa-3772-4709-a510-27c8fc65d4ff" testId="df63e811-bc27-1ff3-2349-b2e1524b5e37" testName="UnfreezeAccountTest" computerName="LIZHM" duration="00:00:00.5879363" startTime="2012-03-05T01:41:30.4462891+08:00" endTime="2012-03-05T01:41:32.9443359+08:00" testType="13cdc9d9-ddb5-4fa4-a97d-d965ccfc6d4b" outcome="Passed" testListId="8c84fa94-04c1-424b-9868-57a2d4851a1d" relativeResultsDirectory="694300fa-3772-4709-a510-27c8fc65d4ff">
      <CollectorDataEntries>
        <Collector agentName="LIZHM" uri="datacollector://microsoft/TestImpact/1.0" collectorDisplayName="Test Impact">
          <UriAttachments>
            <UriAttachment>
              <A href="LIZHM\testimpact.xml">Test Impact Data</A>
            </UriAttachment>
          </UriAttachments>
        </Collector>
      </CollectorDataEntries>
    </UnitTestResult>
  </Results>
</TestRun>