<?xml version="1.0" encoding="UTF-8"?>
<TestRun id="9a5f3659-34fe-4f8a-be81-a9e097d33a0d" name="Leezhm@LIZHM 2012-03-05 01:12:46" runUser="LIZHM\Leezhm" xmlns="http://microsoft.com/schemas/VisualStudio/TeamTest/2010">
  <TestSettings name="Local" id="8a3dc7a8-d390-48f2-a266-a1ccc21c06f3">
    <Description>These are default test settings for a local test run.</Description>
    <Deployment enabled="false" runDeploymentRoot="Leezhm_LIZHM 2012-03-05 01_12_46">
      <DeploymentItem filename="C:\Home\Developments\LeeProjects\UtSerials\Bank\Bank\bin\Debug\Bank.dll" />
    </Deployment>
    <Execution>
      <TestTypeSpecific />
      <AgentRule name="Execution Agents">
        <DataCollectors>
          <DataCollector uri="datacollector://Microsoft/TestImpact/1.0" assemblyQualifiedName="Microsoft.VisualStudio.TraceCollector.TestImpactDataCollector, Microsoft.VisualStudio.TraceCollector, Version=10.0.0.0, Culture=neutral, PublicKeyToken=b03f5f7f11d50a3a">
          </DataCollector>
        </DataCollectors>
      </AgentRule>
    </Execution>
  </TestSettings>
  <Times creation="2012-03-05T01:12:46.8720703+08:00" queuing="2012-03-05T01:12:47.0644531+08:00" start="2012-03-05T01:12:54.0224609+08:00" finish="2012-03-05T01:13:00.1757813+08:00" />
  <ResultSummary outcome="Warning">
    <Counters total="1" executed="1" passed="1" error="0" failed="0" timeout="0" aborted="0" inconclusive="0" passedButRunAborted="0" notRunnable="0" notExecuted="0" disconnected="0" warning="0" completed="0" inProgress="0" pending="0" />
    <RunInfos>
      <RunInfo computerName="LIZHM" outcome="Warning" timestamp="2012-03-05T01:12:46.9101563+08:00">
        <Text>Deployment is currently disabled. The deployment item 'Bank.dll' on test 'BankTest.BankAccountTest.UnfreezeAccountTest' was not deployed.</Text>
      </RunInfo>
    </RunInfos>
  </ResultSummary>
  <TestDefinitions>
    <UnitTest name="UnfreezeAccountTest" storage="c:\home\developments\leeprojects\utserials\bank\banktest\bin\debug\banktest.dll" id="df63e811-bc27-1ff3-2349-b2e1524b5e37">
      <DeploymentItems>
        <DeploymentItem filename="Bank.dll" />
      </DeploymentItems>
      <Execution id="04ca2ed1-f77d-4dd1-9777-ff9c7ac85daf" />
      <TestMethod codeBase="C:/Home/Developments/LeeProjects/UtSerials/Bank/BankTest/bin/Debug/BankTest.DLL" adapterTypeName="Microsoft.VisualStudio.TestTools.TestTypes.Unit.UnitTestAdapter, Microsoft.VisualStudio.QualityTools.Tips.UnitTest.Adapter, Version=10.0.0.0, Culture=neutral, PublicKeyToken=b03f5f7f11d50a3a" className="BankTest.BankAccountTest, BankTest, Version=1.0.0.0, Culture=neutral, PublicKeyToken=null" name="UnfreezeAccountTest" />
    </UnitTest>
  </TestDefinitions>
  <TestLists>
    <TestList name="Results Not in a List" id="8c84fa94-04c1-424b-9868-57a2d4851a1d" />
    <TestList name="All Loaded Results" id="19431567-8539-422a-85d7-44ee4e166bda" />
  </TestLists>
  <TestEntries>
    <TestEntry testId="df63e811-bc27-1ff3-2349-b2e1524b5e37" executionId="04ca2ed1-f77d-4dd1-9777-ff9c7ac85daf" testListId="8c84fa94-04c1-424b-9868-57a2d4851a1d" />
  </TestEntries>
  <Results>
    <UnitTestResult executionId="04ca2ed1-f77d-4dd1-9777-ff9c7ac85daf" testId="df63e811-bc27-1ff3-2349-b2e1524b5e37" testName="UnfreezeAccountTest" computerName="LIZHM" duration="00:00:00.3746847" startTime="2012-03-05T01:12:54.1816406+08:00" endTime="2012-03-05T01:12:55.4873047+08:00" testType="13cdc9d9-ddb5-4fa4-a97d-d965ccfc6d4b" outcome="Passed" testListId="8c84fa94-04c1-424b-9868-57a2d4851a1d" relativeResultsDirectory="04ca2ed1-f77d-4dd1-9777-ff9c7ac85daf">
      <CollectorDataEntries>
        <Collector agentName="LIZHM" uri="datacollector://microsoft/TestImpact/1.0" collectorDisplayName="Test Impact">
          <UriAttachments>
            <UriAttachment>
              <A href="LIZHM\testimpact.xml">Test Impact Data</A>
            </UriAttachment>
          </UriAttachments>
        </Collector>
      </CollectorDataEntries>
    </UnitTestResult>
  </Results>
</TestRun>