<?xml version="1.0" encoding="UTF-8"?>
<TestRun id="343a6ce8-8d8d-44c3-b4e9-c9568d4f61bf" name="Leezhm@LIZHM 2012-03-05 01:30:41" runUser="LIZHM\Leezhm" xmlns="http://microsoft.com/schemas/VisualStudio/TeamTest/2010">
  <TestSettings name="Local" id="8a3dc7a8-d390-48f2-a266-a1ccc21c06f3">
    <Description>These are default test settings for a local test run.</Description>
    <Deployment enabled="false" runDeploymentRoot="Leezhm_LIZHM 2012-03-05 01_30_41">
      <DeploymentItem filename="C:\Home\Developments\LeeProjects\UtSerials\Bank\Bank\bin\Debug\Bank.dll" />
    </Deployment>
    <Execution hostProcessPlatform="MSIL">
      <TestTypeSpecific>
        <UnitTestRunConfig testTypeId="13cdc9d9-ddb5-4fa4-a97d-d965ccfc6d4b">
          <AssemblyResolution>
            <TestDirectory useLoadContext="true" />
          </AssemblyResolution>
        </UnitTestRunConfig>
        <WebTestRunConfiguration testTypeId="4e7599fa-5ecb-43e9-a887-cd63cf72d207">
          <Browser name="Internet Explorer 7.0">
            <Headers>
              <Header name="User-Agent" value="Mozilla/4.0 (compatible; MSIE 7.0; Windows NT 5.1)" />
              <Header name="Accept" value="*/*" />
              <Header name="Accept-Language" value="{{$IEAcceptLanguage}}" />
              <Header name="Accept-Encoding" value="GZIP" />
            </Headers>
          </Browser>
        </WebTestRunConfiguration>
      </TestTypeSpecific>
      <AgentRule name="LocalMachineDefaultRole">
        <DataCollectors>
          <DataCollector uri="datacollector://Microsoft/TestImpact/1.0" assemblyQualifiedName="Microsoft.VisualStudio.TraceCollector.TestImpactDataCollector, Microsoft.VisualStudio.TraceCollector, Version=10.0.0.0, Culture=neutral, PublicKeyToken=b03f5f7f11d50a3a">
          </DataCollector>
        </DataCollectors>
      </AgentRule>
    </Execution>
  </TestSettings>
  <Times creation="2012-03-05T01:30:41.7275391+08:00" queuing="2012-03-05T01:30:46.2363281+08:00" start="2012-03-05T01:31:00.8339844+08:00" finish="2012-03-05T01:32:23.7773438+08:00" />
  <ResultSummary outcome="Warning">
    <Counters total="4" executed="4" passed="4" error="0" failed="0" timeout="0" aborted="0" inconclusive="0" passedButRunAborted="0" notRunnable="0" notExecuted="0" disconnected="0" warning="0" completed="0" inProgress="0" pending="0" />
    <RunInfos>
      <RunInfo computerName="LIZHM" outcome="Warning" timestamp="2012-03-05T01:30:42.0556641+08:00">
        <Text>Deployment is currently disabled. The deployment item 'Bank.dll' on test 'BankTest.BankAccountTest.UnfreezeAccountTest' was not deployed.</Text>
      </RunInfo>
    </RunInfos>
  </ResultSummary>
  <TestDefinitions>
    <UnitTest name="UnfreezeAccountTest" storage="c:\home\developments\leeprojects\utserials\bank\banktest\bin\debug\banktest.dll" id="df63e811-bc27-1ff3-2349-b2e1524b5e37">
      <DeploymentItems>
        <DeploymentItem filename="Bank.dll" />
      </DeploymentItems>
      <Execution id="67bb4f2d-0ae5-4f27-9d9c-fea970fa6175" />
      <TestMethod codeBase="C:/Home/Developments/LeeProjects/UtSerials/Bank/BankTest/bin/Debug/BankTest.DLL" adapterTypeName="Microsoft.VisualStudio.TestTools.TestTypes.Unit.UnitTestAdapter, Microsoft.VisualStudio.QualityTools.Tips.UnitTest.Adapter, Version=10.0.0.0, Culture=neutral, PublicKeyToken=b03f5f7f11d50a3a" className="BankTest.BankAccountTest, BankTest, Version=1.0.0.0, Culture=neutral, PublicKeyToken=null" name="UnfreezeAccountTest" />
    </UnitTest>
    <UnitTest name="DebetTest" storage="c:\home\developments\leeprojects\utserials\bank\banktest\bin\debug\banktest.dll" id="3c790b13-858f-d582-76f8-c7363a7ab695">
      <Execution id="46baf240-eab6-49ce-ace5-5105990e704f" />
      <TestMethod codeBase="C:/Home/Developments/LeeProjects/UtSerials/Bank/BankTest/bin/Debug/BankTest.DLL" adapterTypeName="Microsoft.VisualStudio.TestTools.TestTypes.Unit.UnitTestAdapter, Microsoft.VisualStudio.QualityTools.Tips.UnitTest.Adapter, Version=10.0.0.0, Culture=neutral, PublicKeyToken=b03f5f7f11d50a3a" className="BankTest.BankAccountTest, BankTest, Version=1.0.0.0, Culture=neutral, PublicKeyToken=null" name="DebetTest" />
    </UnitTest>
    <UnitTest name="FreezeAccountTest" storage="c:\home\developments\leeprojects\utserials\bank\banktest\bin\debug\banktest.dll" id="630222e1-aa0e-e9d3-a26d-0f68ad7914fe">
      <DeploymentItems>
        <DeploymentItem filename="Bank.dll" />
      </DeploymentItems>
      <Execution id="a479fff5-5d77-4f9b-9ca9-b728eabf9b6d" />
      <TestMethod codeBase="C:/Home/Developments/LeeProjects/UtSerials/Bank/BankTest/bin/Debug/BankTest.DLL" adapterTypeName="Microsoft.VisualStudio.TestTools.TestTypes.Unit.UnitTestAdapter, Microsoft.VisualStudio.QualityTools.Tips.UnitTest.Adapter, Version=10.0.0.0, Culture=neutral, PublicKeyToken=b03f5f7f11d50a3a" className="BankTest.BankAccountTest, BankTest, Version=1.0.0.0, Culture=neutral, PublicKeyToken=null" name="FreezeAccountTest" />
    </UnitTest>
    <UnitTest name="CreditTest" storage="c:\home\developments\leeprojects\utserials\bank\banktest\bin\debug\banktest.dll" id="7c9cd45a-1193-d9a1-4c4a-160ae67a3f71">
      <Execution id="6327624d-104d-4aba-929d-cb2244c7c3c5" />
      <TestMethod codeBase="C:/Home/Developments/LeeProjects/UtSerials/Bank/BankTest/bin/Debug/BankTest.DLL" adapterTypeName="Microsoft.VisualStudio.TestTools.TestTypes.Unit.UnitTestAdapter, Microsoft.VisualStudio.QualityTools.Tips.UnitTest.Adapter, Version=10.0.0.0, Culture=neutral, PublicKeyToken=b03f5f7f11d50a3a" className="BankTest.BankAccountTest, BankTest, Version=1.0.0.0, Culture=neutral, PublicKeyToken=null" name="CreditTest" />
    </UnitTest>
  </TestDefinitions>
  <TestLists>
    <TestList name="Results Not in a List" id="8c84fa94-04c1-424b-9868-57a2d4851a1d" />
    <TestList name="All Loaded Results" id="19431567-8539-422a-85d7-44ee4e166bda" />
  </TestLists>
  <TestEntries>
    <TestEntry testId="3c790b13-858f-d582-76f8-c7363a7ab695" executionId="46baf240-eab6-49ce-ace5-5105990e704f" testListId="8c84fa94-04c1-424b-9868-57a2d4851a1d" />
    <TestEntry testId="630222e1-aa0e-e9d3-a26d-0f68ad7914fe" executionId="a479fff5-5d77-4f9b-9ca9-b728eabf9b6d" testListId="8c84fa94-04c1-424b-9868-57a2d4851a1d" />
    <TestEntry testId="7c9cd45a-1193-d9a1-4c4a-160ae67a3f71" executionId="6327624d-104d-4aba-929d-cb2244c7c3c5" testListId="8c84fa94-04c1-424b-9868-57a2d4851a1d" />
    <TestEntry testId="df63e811-bc27-1ff3-2349-b2e1524b5e37" executionId="67bb4f2d-0ae5-4f27-9d9c-fea970fa6175" testListId="8c84fa94-04c1-424b-9868-57a2d4851a1d" />
  </TestEntries>
  <Results>
    <UnitTestResult executionId="46baf240-eab6-49ce-ace5-5105990e704f" testId="3c790b13-858f-d582-76f8-c7363a7ab695" testName="DebetTest" computerName="LIZHM" duration="00:00:00.0950992" startTime="2012-03-05T01:31:01.4677734+08:00" endTime="2012-03-05T01:31:03.5527344+08:00" testType="13cdc9d9-ddb5-4fa4-a97d-d965ccfc6d4b" outcome="Passed" testListId="8c84fa94-04c1-424b-9868-57a2d4851a1d" relativeResultsDirectory="46baf240-eab6-49ce-ace5-5105990e704f">
      <DataCollectorMessages>
        <DataCollectorMessage timestamp="2012-03-05T01:31:03.5302734+08:00" dataCollectorUri="datacollector://microsoft/TestImpact/1.0" dataCollectorFriendlyName="Test Impact" agentName="LIZHM" level="Warning">
          <Text>No Microsoft .NET applications were launched during the test run. Launch applications from Explorer or a new command prompt after a test case has started. If no .NET application is being tested, disable the Test Impact and IntelliTrace diagnostic data adapters.</Text>
        </DataCollectorMessage>
      </DataCollectorMessages>
    </UnitTestResult>
    <UnitTestResult executionId="a479fff5-5d77-4f9b-9ca9-b728eabf9b6d" testId="630222e1-aa0e-e9d3-a26d-0f68ad7914fe" testName="FreezeAccountTest" computerName="LIZHM" duration="00:00:25.4500352" startTime="2012-03-05T01:31:03.5625000+08:00" endTime="2012-03-05T01:31:29.0312500+08:00" testType="13cdc9d9-ddb5-4fa4-a97d-d965ccfc6d4b" outcome="Passed" testListId="8c84fa94-04c1-424b-9868-57a2d4851a1d" relativeResultsDirectory="a479fff5-5d77-4f9b-9ca9-b728eabf9b6d">
      <DataCollectorMessages>
        <DataCollectorMessage timestamp="2012-03-05T01:31:29.0244141+08:00" dataCollectorUri="datacollector://microsoft/TestImpact/1.0" dataCollectorFriendlyName="Test Impact" agentName="LIZHM" level="Warning">
          <Text>No Microsoft .NET applications were launched during the test run. Launch applications from Explorer or a new command prompt after a test case has started. If no .NET application is being tested, disable the Test Impact and IntelliTrace diagnostic data adapters.</Text>
        </DataCollectorMessage>
      </DataCollectorMessages>
    </UnitTestResult>
    <UnitTestResult executionId="6327624d-104d-4aba-929d-cb2244c7c3c5" testId="7c9cd45a-1193-d9a1-4c4a-160ae67a3f71" testName="CreditTest" computerName="LIZHM" duration="00:00:00.0004771" startTime="2012-03-05T01:31:29.0400391+08:00" endTime="2012-03-05T01:31:29.0546875+08:00" testType="13cdc9d9-ddb5-4fa4-a97d-d965ccfc6d4b" outcome="Passed" testListId="8c84fa94-04c1-424b-9868-57a2d4851a1d" relativeResultsDirectory="6327624d-104d-4aba-929d-cb2244c7c3c5">
      <DataCollectorMessages>
        <DataCollectorMessage timestamp="2012-03-05T01:31:29.0527344+08:00" dataCollectorUri="datacollector://microsoft/TestImpact/1.0" dataCollectorFriendlyName="Test Impact" agentName="LIZHM" level="Warning">
          <Text>No Microsoft .NET applications were launched during the test run. Launch applications from Explorer or a new command prompt after a test case has started. If no .NET application is being tested, disable the Test Impact and IntelliTrace diagnostic data adapters.</Text>
        </DataCollectorMessage>
      </DataCollectorMessages>
    </UnitTestResult>
    <UnitTestResult executionId="67bb4f2d-0ae5-4f27-9d9c-fea970fa6175" testId="df63e811-bc27-1ff3-2349-b2e1524b5e37" testName="UnfreezeAccountTest" computerName="LIZHM" duration="00:00:49.6762540" startTime="2012-03-05T01:31:29.0644531+08:00" endTime="2012-03-05T01:32:18.7861328+08:00" testType="13cdc9d9-ddb5-4fa4-a97d-d965ccfc6d4b" outcome="Passed" testListId="8c84fa94-04c1-424b-9868-57a2d4851a1d" relativeResultsDirectory="67bb4f2d-0ae5-4f27-9d9c-fea970fa6175">
      <DataCollectorMessages>
        <DataCollectorMessage timestamp="2012-03-05T01:32:18.7763672+08:00" dataCollectorUri="datacollector://microsoft/TestImpact/1.0" dataCollectorFriendlyName="Test Impact" agentName="LIZHM" level="Warning">
          <Text>No Microsoft .NET applications were launched during the test run. Launch applications from Explorer or a new command prompt after a test case has started. If no .NET application is being tested, disable the Test Impact and IntelliTrace diagnostic data adapters.</Text>
        </DataCollectorMessage>
      </DataCollectorMessages>
    </UnitTestResult>
  </Results>
</TestRun>