<?xml version="1.0" encoding="UTF-8"?>
<TestRun id="b3f6a1bb-4595-4f3a-9c34-1ce6ab4496a5" name="Leezhm@LIZHM 2012-03-05 00:57:21" runUser="LIZHM\Leezhm" xmlns="http://microsoft.com/schemas/VisualStudio/TeamTest/2010">
  <TestSettings name="Local" id="8a3dc7a8-d390-48f2-a266-a1ccc21c06f3">
    <Description>These are default test settings for a local test run.</Description>
    <Deployment enabled="false" runDeploymentRoot="Leezhm_LIZHM 2012-03-05 00_57_21">
      <DeploymentItem filename="C:\Home\Developments\LeeProjects\UtSerials\Bank\Bank\bin\Debug\Bank.dll" />
    </Deployment>
    <Execution>
      <TestTypeSpecific />
      <AgentRule name="Execution Agents">
      </AgentRule>
    </Execution>
  </TestSettings>
  <Times creation="2012-03-05T00:57:21.4238281+08:00" queuing="2012-03-05T00:57:21.4599609+08:00" start="2012-03-05T00:57:21.4707031+08:00" finish="2012-03-05T00:57:21.6962891+08:00" />
  <ResultSummary outcome="Completed">
    <Counters total="1" executed="1" passed="1" error="0" failed="0" timeout="0" aborted="0" inconclusive="0" passedButRunAborted="0" notRunnable="0" notExecuted="0" disconnected="0" warning="0" completed="0" inProgress="0" pending="0" />
  </ResultSummary>
  <TestDefinitions>
    <UnitTest name="CreditTest" storage="c:\home\developments\leeprojects\utserials\bank\banktest\bin\debug\banktest.dll" id="7c9cd45a-1193-d9a1-4c4a-160ae67a3f71">
      <Execution id="85f2bba2-205e-4b1b-a9e5-947d35389340" />
      <TestMethod codeBase="C:/Home/Developments/LeeProjects/UtSerials/Bank/BankTest/bin/Debug/BankTest.DLL" adapterTypeName="Microsoft.VisualStudio.TestTools.TestTypes.Unit.UnitTestAdapter, Microsoft.VisualStudio.QualityTools.Tips.UnitTest.Adapter, Version=10.0.0.0, Culture=neutral, PublicKeyToken=b03f5f7f11d50a3a" className="BankTest.BankAccountTest, BankTest, Version=1.0.0.0, Culture=neutral, PublicKeyToken=null" name="CreditTest" />
    </UnitTest>
  </TestDefinitions>
  <TestLists>
    <TestList name="Results Not in a List" id="8c84fa94-04c1-424b-9868-57a2d4851a1d" />
    <TestList name="All Loaded Results" id="19431567-8539-422a-85d7-44ee4e166bda" />
  </TestLists>
  <TestEntries>
    <TestEntry testId="7c9cd45a-1193-d9a1-4c4a-160ae67a3f71" executionId="85f2bba2-205e-4b1b-a9e5-947d35389340" testListId="8c84fa94-04c1-424b-9868-57a2d4851a1d" />
  </TestEntries>
  <Results>
    <UnitTestResult executionId="85f2bba2-205e-4b1b-a9e5-947d35389340" testId="7c9cd45a-1193-d9a1-4c4a-160ae67a3f71" testName="CreditTest" computerName="LIZHM" duration="00:00:00.0128065" startTime="2012-03-05T00:57:21.4765625+08:00" endTime="2012-03-05T00:57:21.6835938+08:00" testType="13cdc9d9-ddb5-4fa4-a97d-d965ccfc6d4b" outcome="Passed" testListId="8c84fa94-04c1-424b-9868-57a2d4851a1d" relativeResultsDirectory="85f2bba2-205e-4b1b-a9e5-947d35389340">
    </UnitTestResult>
  </Results>
</TestRun>