<?xml version="1.0" encoding="UTF-8"?>
<TestRun id="b3e093a9-a711-4768-8ee5-086a081a7bf8" name="Leezhm@LIZHM 2012-02-12 16:26:12" runUser="LIZHM\Leezhm" xmlns="http://microsoft.com/schemas/VisualStudio/TeamTest/2010">
  <TestSettings name="Local" id="e20c97ec-7bd5-4c59-988e-e0b0fbbbf4c0">
    <Description>These are default test settings for a local test run.</Description>
    <Deployment enabled="false" runDeploymentRoot="Leezhm_LIZHM 2012-02-12 16_26_12">
      <DeploymentItem filename="C:\Home\Developments\LeeProjects\UnitTests\FstTestProject\ConsoleApplicationForTest\bin\Debug\ConsoleApplicationForTest.exe" />
    </Deployment>
    <Execution>
      <TestTypeSpecific />
      <AgentRule name="Execution Agents">
      </AgentRule>
    </Execution>
  </TestSettings>
  <Times creation="2012-02-12T16:26:12.2138672+08:00" queuing="2012-02-12T16:26:13.7851563+08:00" start="2012-02-12T16:26:13.8837891+08:00" finish="2012-02-12T16:26:14.4511719+08:00" />
  <ResultSummary outcome="Completed">
    <Counters total="1" executed="1" passed="1" error="0" failed="0" timeout="0" aborted="0" inconclusive="0" passedButRunAborted="0" notRunnable="0" notExecuted="0" disconnected="0" warning="0" completed="0" inProgress="0" pending="0" />
  </ResultSummary>
  <TestDefinitions>
    <UnitTest name="TestMethod1" storage="c:\home\developments\leeprojects\unittests\fsttestproject\fsttestproject\bin\debug\fsttestproject.dll" id="7f11e6f7-64b5-ff62-6341-2a4b60fb85e2">
      <Execution id="3fc25d81-594c-43fe-8b22-7c8e013c4852" />
      <TestMethod codeBase="C:/Home/Developments/LeeProjects/UnitTests/FstTestProject/FstTestProject/bin/Debug/FstTestProject.DLL" adapterTypeName="Microsoft.VisualStudio.TestTools.TestTypes.Unit.UnitTestAdapter, Microsoft.VisualStudio.QualityTools.Tips.UnitTest.Adapter, Version=10.0.0.0, Culture=neutral, PublicKeyToken=b03f5f7f11d50a3a" className="FstTestProject.UnitTest1, FstTestProject, Version=1.0.0.0, Culture=neutral, PublicKeyToken=null" name="TestMethod1" />
    </UnitTest>
  </TestDefinitions>
  <TestLists>
    <TestList name="Results Not in a List" id="8c84fa94-04c1-424b-9868-57a2d4851a1d" />
    <TestList name="All Loaded Results" id="19431567-8539-422a-85d7-44ee4e166bda" />
  </TestLists>
  <TestEntries>
    <TestEntry testId="7f11e6f7-64b5-ff62-6341-2a4b60fb85e2" executionId="3fc25d81-594c-43fe-8b22-7c8e013c4852" testListId="8c84fa94-04c1-424b-9868-57a2d4851a1d" />
  </TestEntries>
  <Results>
    <UnitTestResult executionId="3fc25d81-594c-43fe-8b22-7c8e013c4852" testId="7f11e6f7-64b5-ff62-6341-2a4b60fb85e2" testName="TestMethod1" computerName="LIZHM" duration="00:00:00.0353872" startTime="2012-02-12T16:26:13.9082032+08:00" endTime="2012-02-12T16:26:14.4140625+08:00" testType="13cdc9d9-ddb5-4fa4-a97d-d965ccfc6d4b" outcome="Passed" testListId="8c84fa94-04c1-424b-9868-57a2d4851a1d" relativeResultsDirectory="3fc25d81-594c-43fe-8b22-7c8e013c4852">
    </UnitTestResult>
  </Results>
</TestRun>