<?xml version="1.0" encoding="UTF-8"?>
<TestRun id="e4295853-47d9-47cd-bbbd-1c1188f3c4a1" name="Leezhm@LIZHM 2012-02-12 17:17:55" runUser="LIZHM\Leezhm" xmlns="http://microsoft.com/schemas/VisualStudio/TeamTest/2010">
  <TestSettings name="Local" id="973a0182-0110-4c02-8e67-8b74979ff1e1">
    <Description>These are default test settings for a local test run.</Description>
    <Deployment enabled="false" runDeploymentRoot="Leezhm_LIZHM 2012-02-12 17_17_55">
      <DeploymentItem filename="C:\Home\Developments\LeeProjects\UnitTests\DataDrivenTest\DataDrivenTest\bin\Debug\DataDrivenTest.exe" />
    </Deployment>
    <Execution>
      <TestTypeSpecific />
      <AgentRule name="Execution Agents">
      </AgentRule>
    </Execution>
  </TestSettings>
  <Times creation="2012-02-12T17:17:55.2031250+08:00" queuing="2012-02-12T17:17:55.4384765+08:00" start="2012-02-12T17:17:55.4814453+08:00" finish="2012-02-12T17:17:55.8193359+08:00" />
  <ResultSummary outcome="Completed">
    <Counters total="1" executed="1" passed="1" error="0" failed="0" timeout="0" aborted="0" inconclusive="0" passedButRunAborted="0" notRunnable="0" notExecuted="0" disconnected="0" warning="0" completed="0" inProgress="0" pending="0" />
  </ResultSummary>
  <TestDefinitions>
    <UnitTest name="CalculateTotalPricesTest" storage="c:\home\developments\leeprojects\unittests\datadriventest\datadriventestproject\bin\debug\datadriventestproject.dll" id="b68b321a-f5e4-68b7-2090-85243f51972d">
      <Execution id="0bb61555-5a50-4a5b-a99f-66cb52372fd5" />
      <TestMethod codeBase="C:/Home/Developments/LeeProjects/UnitTests/DataDrivenTest/DataDrivenTestProject/bin/Debug/DataDrivenTestProject.DLL" adapterTypeName="Microsoft.VisualStudio.TestTools.TestTypes.Unit.UnitTestAdapter, Microsoft.VisualStudio.QualityTools.Tips.UnitTest.Adapter, Version=10.0.0.0, Culture=neutral, PublicKeyToken=b03f5f7f11d50a3a" className="DataDrivenTestProject.ProgramTest, DataDrivenTestProject, Version=1.0.0.0, Culture=neutral, PublicKeyToken=null" name="CalculateTotalPricesTest" />
    </UnitTest>
  </TestDefinitions>
  <TestLists>
    <TestList name="Results Not in a List" id="8c84fa94-04c1-424b-9868-57a2d4851a1d" />
    <TestList name="All Loaded Results" id="19431567-8539-422a-85d7-44ee4e166bda" />
  </TestLists>
  <TestEntries>
    <TestEntry testId="b68b321a-f5e4-68b7-2090-85243f51972d" executionId="0bb61555-5a50-4a5b-a99f-66cb52372fd5" testListId="8c84fa94-04c1-424b-9868-57a2d4851a1d" />
  </TestEntries>
  <Results>
    <UnitTestResult executionId="0bb61555-5a50-4a5b-a99f-66cb52372fd5" testId="b68b321a-f5e4-68b7-2090-85243f51972d" testName="CalculateTotalPricesTest" computerName="LIZHM" duration="00:00:00.0192820" startTime="2012-02-12T17:17:55.4873047+08:00" endTime="2012-02-12T17:17:55.7929687+08:00" testType="13cdc9d9-ddb5-4fa4-a97d-d965ccfc6d4b" outcome="Passed" testListId="8c84fa94-04c1-424b-9868-57a2d4851a1d" relativeResultsDirectory="0bb61555-5a50-4a5b-a99f-66cb52372fd5">
    </UnitTestResult>
  </Results>
</TestRun>