<?xml version="1.0" encoding="UTF-8"?>
<TestRun id="6f7693d0-cd46-484a-a826-3e42afea20ef" name="Leezhm@LIZHM 2012-02-13 00:17:20" runUser="LIZHM\Leezhm" xmlns="http://microsoft.com/schemas/VisualStudio/TeamTest/2010">
  <TestSettings name="Local" id="973a0182-0110-4c02-8e67-8b74979ff1e1">
    <Description>These are default test settings for a local test run.</Description>
    <Deployment enabled="false" runDeploymentRoot="Leezhm_LIZHM 2012-02-13 00_17_20">
      <DeploymentItem filename="C:\Home\Developments\LeeProjects\UnitTests\DataDrivenTest\DataDrivenTest\bin\Debug\DataDrivenTest.exe" />
    </Deployment>
    <Execution>
      <TestTypeSpecific />
      <AgentRule name="Execution Agents">
      </AgentRule>
    </Execution>
  </TestSettings>
  <Times creation="2012-02-13T00:17:20.5166015+08:00" queuing="2012-02-13T00:17:20.5625000+08:00" start="2012-02-13T00:17:20.5800781+08:00" finish="2012-02-13T00:17:21.4345703+08:00" />
  <ResultSummary outcome="Warning">
    <Counters total="8" executed="8" passed="8" error="0" failed="0" timeout="0" aborted="0" inconclusive="0" passedButRunAborted="0" notRunnable="0" notExecuted="0" disconnected="0" warning="0" completed="0" inProgress="0" pending="0" />
    <RunInfos>
      <RunInfo computerName="LIZHM" outcome="Warning" timestamp="2012-02-13T00:17:20.5615234+08:00">
        <Text>Deployment is currently disabled. The deployment item 'DataDrivenTestProject\testData.csv' on test 'DataDrivenTestProject.ProgramTest.CalculateTotalPricesTest' was not deployed.</Text>
      </RunInfo>
    </RunInfos>
  </ResultSummary>
  <TestDefinitions>
    <UnitTest name="CalculateTotalPricesTest" storage="c:\home\developments\leeprojects\unittests\datadriventest\datadriventestproject\bin\debug\datadriventestproject.dll" id="b68b321a-f5e4-68b7-2090-85243f51972d">
      <DeploymentItems>
        <DeploymentItem filename="DataDrivenTestProject\testData.csv" />
      </DeploymentItems>
      <Execution id="5e590960-f8cd-43aa-a05a-362de6dafcab" />
      <TestMethod codeBase="C:/Home/Developments/LeeProjects/UnitTests/DataDrivenTest/DataDrivenTestProject/bin/Debug/DataDrivenTestProject.DLL" adapterTypeName="Microsoft.VisualStudio.TestTools.TestTypes.Unit.UnitTestAdapter, Microsoft.VisualStudio.QualityTools.Tips.UnitTest.Adapter, Version=10.0.0.0, Culture=neutral, PublicKeyToken=b03f5f7f11d50a3a" className="DataDrivenTestProject.ProgramTest, DataDrivenTestProject, Version=1.0.0.0, Culture=neutral, PublicKeyToken=null" name="CalculateTotalPricesTest" />
      <DataSource connectionString="|DataDirectory|\testData.csv" providerInvariantName="Microsoft.VisualStudio.TestTools.DataSource.CSV" tableName="testData#csv" />
    </UnitTest>
  </TestDefinitions>
  <TestLists>
    <TestList name="Results Not in a List" id="8c84fa94-04c1-424b-9868-57a2d4851a1d" />
    <TestList name="All Loaded Results" id="19431567-8539-422a-85d7-44ee4e166bda" />
  </TestLists>
  <TestEntries>
    <TestEntry testId="b68b321a-f5e4-68b7-2090-85243f51972d" executionId="5e590960-f8cd-43aa-a05a-362de6dafcab" testListId="8c84fa94-04c1-424b-9868-57a2d4851a1d" />
  </TestEntries>
  <Results>
    <UnitTestResult executionId="5e590960-f8cd-43aa-a05a-362de6dafcab" testId="b68b321a-f5e4-68b7-2090-85243f51972d" testName="CalculateTotalPricesTest" computerName="LIZHM" duration="00:00:00.4867071" startTime="2012-02-13T00:17:20.5830078+08:00" endTime="2012-02-13T00:17:21.4013672+08:00" testType="13cdc9d9-ddb5-4fa4-a97d-d965ccfc6d4b" outcome="Passed" testListId="8c84fa94-04c1-424b-9868-57a2d4851a1d" relativeResultsDirectory="5e590960-f8cd-43aa-a05a-362de6dafcab" resultType="DataDrivenTest">
      <Counters error="0" failed="0" timeout="0" aborted="0" inconclusive="0" passedButRunAborted="0" notRunnable="0" notExecuted="0" disconnected="0" warning="0" passed="7" completed="0" inProgress="0" pending="0" />
      <InnerResults>
        <UnitTestResult executionId="c4fdffdd-4205-42f6-9cd0-59fc2568f3c0" parentExecutionId="5e590960-f8cd-43aa-a05a-362de6dafcab" testId="b68b321a-f5e4-68b7-2090-85243f51972d" testName="CalculateTotalPricesTest" computerName="LIZHM" duration="00:00:00.0891532" startTime="2012-02-13T00:17:21.2978515+08:00" endTime="2012-02-13T00:17:21.3906250+08:00" testType="13cdc9d9-ddb5-4fa4-a97d-d965ccfc6d4b" outcome="Passed" testListId="8c84fa94-04c1-424b-9868-57a2d4851a1d" relativeResultsDirectory="5e590960-f8cd-43aa-a05a-362de6dafcab" dataRowInfo="0" resultType="DataDrivenDataRow" />
        <UnitTestResult executionId="8258479d-7071-43cd-b77f-30cb034b4c78" parentExecutionId="5e590960-f8cd-43aa-a05a-362de6dafcab" testId="b68b321a-f5e4-68b7-2090-85243f51972d" testName="CalculateTotalPricesTest" computerName="LIZHM" duration="00:00:00.0000384" startTime="2012-02-13T00:17:21.3906250+08:00" endTime="2012-02-13T00:17:21.3906250+08:00" testType="13cdc9d9-ddb5-4fa4-a97d-d965ccfc6d4b" outcome="Passed" testListId="8c84fa94-04c1-424b-9868-57a2d4851a1d" relativeResultsDirectory="5e590960-f8cd-43aa-a05a-362de6dafcab" dataRowInfo="1" resultType="DataDrivenDataRow" />
        <UnitTestResult executionId="0bf6ed13-9c70-464b-9c10-a71e8786fca7" parentExecutionId="5e590960-f8cd-43aa-a05a-362de6dafcab" testId="b68b321a-f5e4-68b7-2090-85243f51972d" testName="CalculateTotalPricesTest" computerName="LIZHM" duration="00:00:00.0000122" startTime="2012-02-13T00:17:21.3906250+08:00" endTime="2012-02-13T00:17:21.3906250+08:00" testType="13cdc9d9-ddb5-4fa4-a97d-d965ccfc6d4b" outcome="Passed" testListId="8c84fa94-04c1-424b-9868-57a2d4851a1d" relativeResultsDirectory="5e590960-f8cd-43aa-a05a-362de6dafcab" dataRowInfo="2" resultType="DataDrivenDataRow" />
        <UnitTestResult executionId="91e01b8b-6a10-45c4-9e44-5467f0773dc1" parentExecutionId="5e590960-f8cd-43aa-a05a-362de6dafcab" testId="b68b321a-f5e4-68b7-2090-85243f51972d" testName="CalculateTotalPricesTest" computerName="LIZHM" duration="00:00:00.0000107" startTime="2012-02-13T00:17:21.3906250+08:00" endTime="2012-02-13T00:17:21.3906250+08:00" testType="13cdc9d9-ddb5-4fa4-a97d-d965ccfc6d4b" outcome="Passed" testListId="8c84fa94-04c1-424b-9868-57a2d4851a1d" relativeResultsDirectory="5e590960-f8cd-43aa-a05a-362de6dafcab" dataRowInfo="3" resultType="DataDrivenDataRow" />
        <UnitTestResult executionId="e24818fe-c381-4ffe-b86f-6f8207ae1ea2" parentExecutionId="5e590960-f8cd-43aa-a05a-362de6dafcab" testId="b68b321a-f5e4-68b7-2090-85243f51972d" testName="CalculateTotalPricesTest" computerName="LIZHM" duration="00:00:00.0000172" startTime="2012-02-13T00:17:21.3906250+08:00" endTime="2012-02-13T00:17:21.3906250+08:00" testType="13cdc9d9-ddb5-4fa4-a97d-d965ccfc6d4b" outcome="Passed" testListId="8c84fa94-04c1-424b-9868-57a2d4851a1d" relativeResultsDirectory="5e590960-f8cd-43aa-a05a-362de6dafcab" dataRowInfo="4" resultType="DataDrivenDataRow" />
        <UnitTestResult executionId="bb6e5951-6a21-492f-953f-3d9e324c6b0d" parentExecutionId="5e590960-f8cd-43aa-a05a-362de6dafcab" testId="b68b321a-f5e4-68b7-2090-85243f51972d" testName="CalculateTotalPricesTest" computerName="LIZHM" duration="00:00:00.0000104" startTime="2012-02-13T00:17:21.3906250+08:00" endTime="2012-02-13T00:17:21.3906250+08:00" testType="13cdc9d9-ddb5-4fa4-a97d-d965ccfc6d4b" outcome="Passed" testListId="8c84fa94-04c1-424b-9868-57a2d4851a1d" relativeResultsDirectory="5e590960-f8cd-43aa-a05a-362de6dafcab" dataRowInfo="5" resultType="DataDrivenDataRow" />
        <UnitTestResult executionId="7f25cc0b-b40a-453d-bca3-fa20d42df4c2" parentExecutionId="5e590960-f8cd-43aa-a05a-362de6dafcab" testId="b68b321a-f5e4-68b7-2090-85243f51972d" testName="CalculateTotalPricesTest" computerName="LIZHM" duration="00:00:00.0000482" startTime="2012-02-13T00:17:21.3906250+08:00" endTime="2012-02-13T00:17:21.3916015+08:00" testType="13cdc9d9-ddb5-4fa4-a97d-d965ccfc6d4b" outcome="Passed" testListId="8c84fa94-04c1-424b-9868-57a2d4851a1d" relativeResultsDirectory="5e590960-f8cd-43aa-a05a-362de6dafcab" dataRowInfo="6" resultType="DataDrivenDataRow" />
      </InnerResults>
    </UnitTestResult>
  </Results>
</TestRun>